2024-12-17 19:51:28,473 - INFO - Участник добавлен: Deus.divo (ID: )
2024-12-17 19:51:35,207 - INFO - Участник добавлен: D. (ID: )
2024-12-17 19:51:48,731 - INFO - Участник добавлен: Denys Shizoid (ID: )
2024-12-17 19:52:32,802 - INFO - Deus.divo (ID: 248706680) -> Denys Shizoid (ID: )
2024-12-17 19:52:32,981 - INFO - D. (ID: 6394877283) -> Deus.divo (ID: )
2024-12-17 19:52:33,236 - INFO - Denys Shizoid (ID: ) -> D. (ID: )
2024-12-17 19:52:33,444 - INFO - Игра завершена. Участники очищены.
2024-12-17 19:55:41,869 - INFO - Участник добавлен: D. (ID: )
2024-12-17 19:56:05,907 - INFO - Участник добавлен: Denys Shizoid (ID: )
2024-12-17 19:56:18,990 - INFO - Участник добавлен: Deus.divo (ID: )
2024-12-17 19:56:25,106 - INFO - D. (ID: 6394877283) -> Denys Shizoid (ID: )
2024-12-17 19:56:25,238 - INFO - Denys Shizoid (ID: ) -> Deus.divo (ID: )
2024-12-17 19:56:25,362 - INFO - Deus.divo (ID: ) -> D. (ID: )
2024-12-17 19:56:25,511 - INFO - Игра завершена. Участники очищены.
2024-12-17 19:57:08,685 - INFO - Участник добавлен: Deus.divo (ID: )
2024-12-17 19:57:11,718 - INFO - Участник добавлен: D. (ID: )
2024-12-17 19:57:18,499 - INFO - Участник добавлен: Denys Shizoid (ID: )
2024-12-17 19:57:23,220 - INFO - Deus.divo (ID: ) -> D. (ID: )
2024-12-17 19:57:23,295 - INFO - D. (ID: 6394877283) -> Denys Shizoid (ID: )
2024-12-17 19:57:23,376 - INFO - Denys Shizoid (ID: ) -> Deus.divo (ID: )
2024-12-17 19:57:23,501 - INFO - Игра завершена. Участники очищены.
